0 info it worked if it ends with ok
1 verbose cli [ '/usr/bin/nodejs', '/usr/bin/npm', 'run', 'build' ]
2 info using npm@3.5.2
3 info using node@v4.2.6
4 verbose run-script [ 'prebuild', 'build', 'postbuild' ]
5 info lifecycle video-call@1.0.0~prebuild: video-call@1.0.0
6 silly lifecycle video-call@1.0.0~prebuild: no script for prebuild, continuing
7 info lifecycle video-call@1.0.0~build: video-call@1.0.0
8 verbose lifecycle video-call@1.0.0~build: unsafe-perm in lifecycle true
9 verbose lifecycle video-call@1.0.0~build: PATH: /usr/share/npm/bin/node-gyp-bin:/home/sekharvanna/Downloads/twilio/screen-capture-master/video-chat/node_modules/.bin:/usr/share/npm/bin/node-gyp-bin:/home/sekharvanna/Downloads/twilio/screen-capture-master/video-chat/node_modules/.bin:/home/sekharvanna/bin:/home/sekharvanna/.local/bin:/home/sekharvanna/bin:/home/sekharvanna/.local/bin:/usr/local/sbin:/usr/local/bin:/usr/sbin:/usr/bin:/sbin:/bin:/usr/games:/usr/local/games:/snap/bin:/usr/lib/jvm/java-8-oracle/bin:/usr/lib/jvm/java-8-oracle/db/bin:/usr/lib/jvm/java-8-oracle/jre/bin:/snap/bin:/usr/lib/jvm/java-8-oracle/bin:/usr/lib/jvm/java-8-oracle/db/bin:/usr/lib/jvm/java-8-oracle/jre/bin
10 verbose lifecycle video-call@1.0.0~build: CWD: /home/sekharvanna/Downloads/twilio/screen-capture-master/video-chat
11 silly lifecycle video-call@1.0.0~build: Args: [ '-c', 'watchify src/index.js -o public/index.js' ]
12 silly lifecycle video-call@1.0.0~build: Returned: code: 1  signal: null
13 info lifecycle video-call@1.0.0~build: Failed to exec build script
14 verbose stack Error: video-call@1.0.0 build: `watchify src/index.js -o public/index.js`
14 verbose stack Exit status 1
14 verbose stack     at EventEmitter.<anonymous> (/usr/share/npm/lib/utils/lifecycle.js:232:16)
14 verbose stack     at emitTwo (events.js:87:13)
14 verbose stack     at EventEmitter.emit (events.js:172:7)
14 verbose stack     at ChildProcess.<anonymous> (/usr/share/npm/lib/utils/spawn.js:24:14)
14 verbose stack     at emitTwo (events.js:87:13)
14 verbose stack     at ChildProcess.emit (events.js:172:7)
14 verbose stack     at maybeClose (internal/child_process.js:821:16)
14 verbose stack     at Process.ChildProcess._handle.onexit (internal/child_process.js:211:5)
15 verbose pkgid video-call@1.0.0
16 verbose cwd /home/sekharvanna/Downloads/twilio/screen-capture-master/video-chat
17 error Linux 4.10.0-28-generic
18 error argv "/usr/bin/nodejs" "/usr/bin/npm" "run" "build"
19 error node v4.2.6
20 error npm  v3.5.2
21 error code ELIFECYCLE
22 error video-call@1.0.0 build: `watchify src/index.js -o public/index.js`
22 error Exit status 1
23 error Failed at the video-call@1.0.0 build script 'watchify src/index.js -o public/index.js'.
23 error Make sure you have the latest version of node.js and npm installed.
23 error If you do, this is most likely a problem with the video-call package,
23 error not with npm itself.
23 error Tell the author that this fails on your system:
23 error     watchify src/index.js -o public/index.js
23 error You can get information on how to open an issue for this project with:
23 error     npm bugs video-call
23 error Or if that isn't available, you can get their info via:
23 error     npm owner ls video-call
23 error There is likely additional logging output above.
24 verbose exit [ 1, true ]
